Making all in lib
make[1]: ディレクトリ '/home/miki/vscode/mofu-make-zig/lib' に入ります
sed -e 1h -e '1s,.*,/* DO NOT EDIT! GENERATED AUTOMATICALLY! */,' -e 1G \
  -e 's|@''HAVE_ALLOCA_H''@|1|g' \
  ./alloca.in.h > alloca.h-t
mv alloca.h-t alloca.h
make  all-recursive
make[2]: ディレクトリ '/home/miki/vscode/mofu-make-zig/lib' に入ります
make[3]: ディレクトリ '/home/miki/vscode/mofu-make-zig/lib' に入ります
gcc -DHAVE_CONFIG_H -I. -I../src     -Wno-cast-qual -Wno-conversion -Wno-float-equal -Wno-sign-compare -Wno-undef -Wno-unused-function -Wno-unused-parameter -Wno-float-conversion -Wimplicit-fallthrough -Wno-pedantic -Wno-sign-conversion -Wno-type-limits -Wno-unsuffixed-float-constants -g -O2 -MT libgnu_a-concat-filename.o -MD -MP -MF .deps/libgnu_a-concat-filename.Tpo -c -o libgnu_a-concat-filename.o `test -f 'concat-filename.c' || echo './'`concat-filename.c
mv -f .deps/libgnu_a-concat-filename.Tpo .deps/libgnu_a-concat-filename.Po
gcc -DHAVE_CONFIG_H -I. -I../src     -Wno-cast-qual -Wno-conversion -Wno-float-equal -Wno-sign-compare -Wno-undef -Wno-unused-function -Wno-unused-parameter -Wno-float-conversion -Wimplicit-fallthrough -Wno-pedantic -Wno-sign-conversion -Wno-type-limits -Wno-unsuffixed-float-constants -g -O2 -MT libgnu_a-findprog-in.o -MD -MP -MF .deps/libgnu_a-findprog-in.Tpo -c -o libgnu_a-findprog-in.o `test -f 'findprog-in.c' || echo './'`findprog-in.c
mv -f .deps/libgnu_a-findprog-in.Tpo .deps/libgnu_a-findprog-in.Po
rm -f libgnu.a
ar cr libgnu.a libgnu_a-concat-filename.o libgnu_a-findprog-in.o    
ranlib libgnu.a
make[3]: ディレクトリ '/home/miki/vscode/mofu-make-zig/lib' から出ます
make[2]: ディレクトリ '/home/miki/vscode/mofu-make-zig/lib' から出ます
make[1]: ディレクトリ '/home/miki/vscode/mofu-make-zig/lib' から出ます
Making all in po
make[1]: ディレクトリ '/home/miki/vscode/mofu-make-zig/po' に入ります
make[1]: 'all' に対して行うべき事はありません.
make[1]: ディレクトリ '/home/miki/vscode/mofu-make-zig/po' から出ます
Making all in doc
make[1]: ディレクトリ '/home/miki/vscode/mofu-make-zig/doc' に入ります
make[1]: ディレクトリ '/home/miki/vscode/mofu-make-zig/doc' から出ます
make[1]: ディレクトリ '/home/miki/vscode/mofu-make-zig' に入ります
depbase=`echo src/ar.o | sed 's|[^/]*$|.deps/&|;s|\.o$||'`;\
gcc -DHAVE_CONFIG_H   -Isrc -I./src -Ilib -I./lib -DLIBDIR=\"/usr/local/lib\" -DLOCALEDIR=\"/usr/local/share/locale\"     -g -O2 -MT src/ar.o -MD -MP -MF $depbase.Tpo -c -o src/ar.o src/ar.c &&\
mv -f $depbase.Tpo $depbase.Po
depbase=`echo src/arscan.o | sed 's|[^/]*$|.deps/&|;s|\.o$||'`;\
gcc -DHAVE_CONFIG_H   -Isrc -I./src -Ilib -I./lib -DLIBDIR=\"/usr/local/lib\" -DLOCALEDIR=\"/usr/local/share/locale\"     -g -O2 -MT src/arscan.o -MD -MP -MF $depbase.Tpo -c -o src/arscan.o src/arscan.c &&\
mv -f $depbase.Tpo $depbase.Po
depbase=`echo src/commands.o | sed 's|[^/]*$|.deps/&|;s|\.o$||'`;\
gcc -DHAVE_CONFIG_H   -Isrc -I./src -Ilib -I./lib -DLIBDIR=\"/usr/local/lib\" -DLOCALEDIR=\"/usr/local/share/locale\"     -g -O2 -MT src/commands.o -MD -MP -MF $depbase.Tpo -c -o src/commands.o src/commands.c &&\
mv -f $depbase.Tpo $depbase.Po
depbase=`echo src/default.o | sed 's|[^/]*$|.deps/&|;s|\.o$||'`;\
gcc -DHAVE_CONFIG_H   -Isrc -I./src -Ilib -I./lib -DLIBDIR=\"/usr/local/lib\" -DLOCALEDIR=\"/usr/local/share/locale\"     -g -O2 -MT src/default.o -MD -MP -MF $depbase.Tpo -c -o src/default.o src/default.c &&\
mv -f $depbase.Tpo $depbase.Po
depbase=`echo src/dir.o | sed 's|[^/]*$|.deps/&|;s|\.o$||'`;\
gcc -DHAVE_CONFIG_H   -Isrc -I./src -Ilib -I./lib -DLIBDIR=\"/usr/local/lib\" -DLOCALEDIR=\"/usr/local/share/locale\"     -g -O2 -MT src/dir.o -MD -MP -MF $depbase.Tpo -c -o src/dir.o src/dir.c &&\
mv -f $depbase.Tpo $depbase.Po
depbase=`echo src/expand.o | sed 's|[^/]*$|.deps/&|;s|\.o$||'`;\
gcc -DHAVE_CONFIG_H   -Isrc -I./src -Ilib -I./lib -DLIBDIR=\"/usr/local/lib\" -DLOCALEDIR=\"/usr/local/share/locale\"     -g -O2 -MT src/expand.o -MD -MP -MF $depbase.Tpo -c -o src/expand.o src/expand.c &&\
mv -f $depbase.Tpo $depbase.Po
depbase=`echo src/file.o | sed 's|[^/]*$|.deps/&|;s|\.o$||'`;\
gcc -DHAVE_CONFIG_H   -Isrc -I./src -Ilib -I./lib -DLIBDIR=\"/usr/local/lib\" -DLOCALEDIR=\"/usr/local/share/locale\"     -g -O2 -MT src/file.o -MD -MP -MF $depbase.Tpo -c -o src/file.o src/file.c &&\
mv -f $depbase.Tpo $depbase.Po
depbase=`echo src/function.o | sed 's|[^/]*$|.deps/&|;s|\.o$||'`;\
gcc -DHAVE_CONFIG_H   -Isrc -I./src -Ilib -I./lib -DLIBDIR=\"/usr/local/lib\" -DLOCALEDIR=\"/usr/local/share/locale\"     -g -O2 -MT src/function.o -MD -MP -MF $depbase.Tpo -c -o src/function.o src/function.c &&\
mv -f $depbase.Tpo $depbase.Po
depbase=`echo src/getopt.o | sed 's|[^/]*$|.deps/&|;s|\.o$||'`;\
gcc -DHAVE_CONFIG_H   -Isrc -I./src -Ilib -I./lib -DLIBDIR=\"/usr/local/lib\" -DLOCALEDIR=\"/usr/local/share/locale\"     -g -O2 -MT src/getopt.o -MD -MP -MF $depbase.Tpo -c -o src/getopt.o src/getopt.c &&\
mv -f $depbase.Tpo $depbase.Po
depbase=`echo src/getopt1.o | sed 's|[^/]*$|.deps/&|;s|\.o$||'`;\
gcc -DHAVE_CONFIG_H   -Isrc -I./src -Ilib -I./lib -DLIBDIR=\"/usr/local/lib\" -DLOCALEDIR=\"/usr/local/share/locale\"     -g -O2 -MT src/getopt1.o -MD -MP -MF $depbase.Tpo -c -o src/getopt1.o src/getopt1.c &&\
mv -f $depbase.Tpo $depbase.Po
depbase=`echo src/guile.o | sed 's|[^/]*$|.deps/&|;s|\.o$||'`;\
gcc -DHAVE_CONFIG_H   -Isrc -I./src -Ilib -I./lib -DLIBDIR=\"/usr/local/lib\" -DLOCALEDIR=\"/usr/local/share/locale\"     -g -O2 -MT src/guile.o -MD -MP -MF $depbase.Tpo -c -o src/guile.o src/guile.c &&\
mv -f $depbase.Tpo $depbase.Po
depbase=`echo src/hash.o | sed 's|[^/]*$|.deps/&|;s|\.o$||'`;\
gcc -DHAVE_CONFIG_H   -Isrc -I./src -Ilib -I./lib -DLIBDIR=\"/usr/local/lib\" -DLOCALEDIR=\"/usr/local/share/locale\"     -g -O2 -MT src/hash.o -MD -MP -MF $depbase.Tpo -c -o src/hash.o src/hash.c &&\
mv -f $depbase.Tpo $depbase.Po
depbase=`echo src/implicit.o | sed 's|[^/]*$|.deps/&|;s|\.o$||'`;\
gcc -DHAVE_CONFIG_H   -Isrc -I./src -Ilib -I./lib -DLIBDIR=\"/usr/local/lib\" -DLOCALEDIR=\"/usr/local/share/locale\"     -g -O2 -MT src/implicit.o -MD -MP -MF $depbase.Tpo -c -o src/implicit.o src/implicit.c &&\
mv -f $depbase.Tpo $depbase.Po
depbase=`echo src/job.o | sed 's|[^/]*$|.deps/&|;s|\.o$||'`;\
gcc -DHAVE_CONFIG_H   -Isrc -I./src -Ilib -I./lib -DLIBDIR=\"/usr/local/lib\" -DLOCALEDIR=\"/usr/local/share/locale\"     -g -O2 -MT src/job.o -MD -MP -MF $depbase.Tpo -c -o src/job.o src/job.c &&\
mv -f $depbase.Tpo $depbase.Po
depbase=`echo src/load.o | sed 's|[^/]*$|.deps/&|;s|\.o$||'`;\
gcc -DHAVE_CONFIG_H   -Isrc -I./src -Ilib -I./lib -DLIBDIR=\"/usr/local/lib\" -DLOCALEDIR=\"/usr/local/share/locale\"     -g -O2 -MT src/load.o -MD -MP -MF $depbase.Tpo -c -o src/load.o src/load.c &&\
mv -f $depbase.Tpo $depbase.Po
depbase=`echo src/loadapi.o | sed 's|[^/]*$|.deps/&|;s|\.o$||'`;\
gcc -DHAVE_CONFIG_H   -Isrc -I./src -Ilib -I./lib -DLIBDIR=\"/usr/local/lib\" -DLOCALEDIR=\"/usr/local/share/locale\"     -g -O2 -MT src/loadapi.o -MD -MP -MF $depbase.Tpo -c -o src/loadapi.o src/loadapi.c &&\
mv -f $depbase.Tpo $depbase.Po
depbase=`echo src/main.o | sed 's|[^/]*$|.deps/&|;s|\.o$||'`;\
gcc -DHAVE_CONFIG_H   -Isrc -I./src -Ilib -I./lib -DLIBDIR=\"/usr/local/lib\" -DLOCALEDIR=\"/usr/local/share/locale\"     -g -O2 -MT src/main.o -MD -MP -MF $depbase.Tpo -c -o src/main.o src/main.c &&\
mv -f $depbase.Tpo $depbase.Po
depbase=`echo src/misc.o | sed 's|[^/]*$|.deps/&|;s|\.o$||'`;\
gcc -DHAVE_CONFIG_H   -Isrc -I./src -Ilib -I./lib -DLIBDIR=\"/usr/local/lib\" -DLOCALEDIR=\"/usr/local/share/locale\"     -g -O2 -MT src/misc.o -MD -MP -MF $depbase.Tpo -c -o src/misc.o src/misc.c &&\
mv -f $depbase.Tpo $depbase.Po
depbase=`echo src/output.o | sed 's|[^/]*$|.deps/&|;s|\.o$||'`;\
gcc -DHAVE_CONFIG_H   -Isrc -I./src -Ilib -I./lib -DLIBDIR=\"/usr/local/lib\" -DLOCALEDIR=\"/usr/local/share/locale\"     -g -O2 -MT src/output.o -MD -MP -MF $depbase.Tpo -c -o src/output.o src/output.c &&\
mv -f $depbase.Tpo $depbase.Po
depbase=`echo src/read.o | sed 's|[^/]*$|.deps/&|;s|\.o$||'`;\
gcc -DHAVE_CONFIG_H   -Isrc -I./src -Ilib -I./lib -DLIBDIR=\"/usr/local/lib\" -DLOCALEDIR=\"/usr/local/share/locale\"     -g -O2 -MT src/read.o -MD -MP -MF $depbase.Tpo -c -o src/read.o src/read.c &&\
mv -f $depbase.Tpo $depbase.Po
depbase=`echo src/remake.o | sed 's|[^/]*$|.deps/&|;s|\.o$||'`;\
gcc -DHAVE_CONFIG_H   -Isrc -I./src -Ilib -I./lib -DLIBDIR=\"/usr/local/lib\" -DLOCALEDIR=\"/usr/local/share/locale\"     -g -O2 -MT src/remake.o -MD -MP -MF $depbase.Tpo -c -o src/remake.o src/remake.c &&\
mv -f $depbase.Tpo $depbase.Po
depbase=`echo src/rule.o | sed 's|[^/]*$|.deps/&|;s|\.o$||'`;\
gcc -DHAVE_CONFIG_H   -Isrc -I./src -Ilib -I./lib -DLIBDIR=\"/usr/local/lib\" -DLOCALEDIR=\"/usr/local/share/locale\"     -g -O2 -MT src/rule.o -MD -MP -MF $depbase.Tpo -c -o src/rule.o src/rule.c &&\
mv -f $depbase.Tpo $depbase.Po
depbase=`echo src/shuffle.o | sed 's|[^/]*$|.deps/&|;s|\.o$||'`;\
gcc -DHAVE_CONFIG_H   -Isrc -I./src -Ilib -I./lib -DLIBDIR=\"/usr/local/lib\" -DLOCALEDIR=\"/usr/local/share/locale\"     -g -O2 -MT src/shuffle.o -MD -MP -MF $depbase.Tpo -c -o src/shuffle.o src/shuffle.c &&\
mv -f $depbase.Tpo $depbase.Po
depbase=`echo src/signame.o | sed 's|[^/]*$|.deps/&|;s|\.o$||'`;\
gcc -DHAVE_CONFIG_H   -Isrc -I./src -Ilib -I./lib -DLIBDIR=\"/usr/local/lib\" -DLOCALEDIR=\"/usr/local/share/locale\"     -g -O2 -MT src/signame.o -MD -MP -MF $depbase.Tpo -c -o src/signame.o src/signame.c &&\
mv -f $depbase.Tpo $depbase.Po
depbase=`echo src/strcache.o | sed 's|[^/]*$|.deps/&|;s|\.o$||'`;\
gcc -DHAVE_CONFIG_H   -Isrc -I./src -Ilib -I./lib -DLIBDIR=\"/usr/local/lib\" -DLOCALEDIR=\"/usr/local/share/locale\"     -g -O2 -MT src/strcache.o -MD -MP -MF $depbase.Tpo -c -o src/strcache.o src/strcache.c &&\
mv -f $depbase.Tpo $depbase.Po
depbase=`echo src/variable.o | sed 's|[^/]*$|.deps/&|;s|\.o$||'`;\
gcc -DHAVE_CONFIG_H   -Isrc -I./src -Ilib -I./lib -DLIBDIR=\"/usr/local/lib\" -DLOCALEDIR=\"/usr/local/share/locale\"     -g -O2 -MT src/variable.o -MD -MP -MF $depbase.Tpo -c -o src/variable.o src/variable.c &&\
mv -f $depbase.Tpo $depbase.Po
depbase=`echo src/version.o | sed 's|[^/]*$|.deps/&|;s|\.o$||'`;\
gcc -DHAVE_CONFIG_H   -Isrc -I./src -Ilib -I./lib -DLIBDIR=\"/usr/local/lib\" -DLOCALEDIR=\"/usr/local/share/locale\"     -g -O2 -MT src/version.o -MD -MP -MF $depbase.Tpo -c -o src/version.o src/version.c &&\
mv -f $depbase.Tpo $depbase.Po
depbase=`echo src/vpath.o | sed 's|[^/]*$|.deps/&|;s|\.o$||'`;\
gcc -DHAVE_CONFIG_H   -Isrc -I./src -Ilib -I./lib -DLIBDIR=\"/usr/local/lib\" -DLOCALEDIR=\"/usr/local/share/locale\"     -g -O2 -MT src/vpath.o -MD -MP -MF $depbase.Tpo -c -o src/vpath.o src/vpath.c &&\
mv -f $depbase.Tpo $depbase.Po
depbase=`echo src/posixos.o | sed 's|[^/]*$|.deps/&|;s|\.o$||'`;\
gcc -DHAVE_CONFIG_H   -Isrc -I./src -Ilib -I./lib -DLIBDIR=\"/usr/local/lib\" -DLOCALEDIR=\"/usr/local/share/locale\"     -g -O2 -MT src/posixos.o -MD -MP -MF $depbase.Tpo -c -o src/posixos.o src/posixos.c &&\
mv -f $depbase.Tpo $depbase.Po
depbase=`echo src/remote-stub.o | sed 's|[^/]*$|.deps/&|;s|\.o$||'`;\
gcc -DHAVE_CONFIG_H   -Isrc -I./src -Ilib -I./lib -DLIBDIR=\"/usr/local/lib\" -DLOCALEDIR=\"/usr/local/share/locale\"     -g -O2 -MT src/remote-stub.o -MD -MP -MF $depbase.Tpo -c -o src/remote-stub.o src/remote-stub.c &&\
mv -f $depbase.Tpo $depbase.Po
gcc  -g -O2 -Wl,--export-dynamic  -o make src/ar.o src/arscan.o src/commands.o src/default.o src/dir.o src/expand.o src/file.o src/function.o src/getopt.o src/getopt1.o src/guile.o src/hash.o src/implicit.o src/job.o src/load.o src/loadapi.o src/main.o src/misc.o src/output.o src/read.o src/remake.o src/rule.o src/shuffle.o src/signame.o src/strcache.o src/variable.o src/version.o src/vpath.o  src/posixos.o  src/remote-stub.o   lib/libgnu.a   -ldl 
make[1]: ディレクトリ '/home/miki/vscode/mofu-make-zig' から出ます
